2025-10-31T09:01:39.181+09:00  INFO 9332 --- [ex25-branch] [restartedMain] c.kmh.ex25_branch.Ex25BranchApplication  : Starting Ex25BranchApplication using Java 21.0.8 with PID 9332 (D:\00.과제링크\day10_1027\ex25-branch\bin\main started by YONSAI in D:\00.과제링크\day10_1027\ex25-branch)
2025-10-31T09:01:39.184+09:00  INFO 9332 --- [ex25-branch] [restartedMain] c.kmh.ex25_branch.Ex25BranchApplication  : No active profile set, falling back to 1 default profile: "default"
2025-10-31T09:01:39.211+09:00  INFO 9332 --- [ex25-branch] [restartedMain] .e.DevToolsPropertyDefaultsPostProcessor : Devtools property defaults active! Set 'spring.devtools.add-properties' to 'false' to disable
2025-10-31T09:01:39.211+09:00  INFO 9332 --- [ex25-branch] [restartedMain] .e.DevToolsPropertyDefaultsPostProcessor : For additional web related logging consider setting the 'logging.level.web' property to 'DEBUG'
2025-10-31T09:01:39.796+09:00  INFO 9332 --- [ex25-branch] [restartedMain] o.s.b.w.embedded.tomcat.TomcatWebServer  : Tomcat initialized with port 8081 (http)
2025-10-31T09:01:39.806+09:00  INFO 9332 --- [ex25-branch] [restartedMain] o.apache.catalina.core.StandardService   : Starting service [Tomcat]
2025-10-31T09:01:39.806+09:00  INFO 9332 --- [ex25-branch] [restartedMain] o.apache.catalina.core.StandardEngine    : Starting Servlet engine: [Apache Tomcat/10.1.48]
2025-10-31T09:01:39.838+09:00  INFO 9332 --- [ex25-branch] [restartedMain] o.a.c.c.C.[Tomcat].[localhost].[/]       : Initializing Spring embedded WebApplicationContext
2025-10-31T09:01:39.838+09:00  INFO 9332 --- [ex25-branch] [restartedMain] w.s.c.ServletWebServerApplicationContext : Root WebApplicationContext: initialization completed in 626 ms
2025-10-31T09:01:40.089+09:00  INFO 9332 --- [ex25-branch] [restartedMain] o.s.b.a.w.s.WelcomePageHandlerMapping    : Adding welcome page: class path resource [static/index.html]
2025-10-31T09:01:40.292+09:00  INFO 9332 --- [ex25-branch] [restartedMain] o.s.b.d.a.OptionalLiveReloadServer       : LiveReload server is running on port 35729
2025-10-31T09:01:40.315+09:00  INFO 9332 --- [ex25-branch] [restartedMain] o.s.b.w.embedded.tomcat.TomcatWebServer  : Tomcat started on port 8081 (http) with context path '/'
2025-10-31T09:01:40.320+09:00  INFO 9332 --- [ex25-branch] [restartedMain] c.kmh.ex25_branch.Ex25BranchApplication  : Started Ex25BranchApplication in 1.39 seconds (process running for 1.86)
2025-10-31T09:01:59.212+09:00  INFO 9332 --- [ex25-branch] [http-nio-8081-exec-1] o.a.c.c.C.[Tomcat].[localhost].[/]       : Initializing Spring DispatcherServlet 'dispatcherServlet'
2025-10-31T09:01:59.213+09:00  INFO 9332 --- [ex25-branch] [http-nio-8081-exec-1] o.s.web.servlet.DispatcherServlet        : Initializing Servlet 'dispatcherServlet'
2025-10-31T09:01:59.214+09:00  INFO 9332 --- [ex25-branch] [http-nio-8081-exec-1] o.s.web.servlet.DispatcherServlet        : Completed initialization in 0 ms
2025-10-31T09:02:45.172+09:00  INFO 9332 --- [ex25-branch] [File Watcher] rtingClassPathChangeChangedEventListener : Restarting due to 1 class path change (0 additions, 0 deletions, 1 modification)
2025-10-31T09:02:45.174+09:00  INFO 9332 --- [ex25-branch] [Thread-5] o.s.b.w.e.tomcat.GracefulShutdown        : Commencing graceful shutdown. Waiting for active requests to complete
2025-10-31T09:02:45.178+09:00  INFO 9332 --- [ex25-branch] [tomcat-shutdown] o.s.b.w.e.tomcat.GracefulShutdown        : Graceful shutdown complete
2025-10-31T09:02:45.248+09:00  INFO 9332 --- [ex25-branch] [restartedMain] c.kmh.ex25_branch.Ex25BranchApplication  : Starting Ex25BranchApplication using Java 21.0.8 with PID 9332 (D:\00.과제링크\day10_1027\ex25-branch\bin\main started by YONSAI in D:\00.과제링크\day10_1027\ex25-branch)
2025-10-31T09:02:45.248+09:00  INFO 9332 --- [ex25-branch] [restartedMain] c.kmh.ex25_branch.Ex25BranchApplication  : No active profile set, falling back to 1 default profile: "default"
2025-10-31T09:02:45.377+09:00  INFO 9332 --- [ex25-branch] [restartedMain] o.s.b.w.embedded.tomcat.TomcatWebServer  : Tomcat initialized with port 8080 (http)
2025-10-31T09:02:45.377+09:00  INFO 9332 --- [ex25-branch] [restartedMain] o.apache.catalina.core.StandardService   : Starting service [Tomcat]
2025-10-31T09:02:45.377+09:00  INFO 9332 --- [ex25-branch] [restartedMain] o.apache.catalina.core.StandardEngine    : Starting Servlet engine: [Apache Tomcat/10.1.48]
2025-10-31T09:02:45.388+09:00  INFO 9332 --- [ex25-branch] [restartedMain] o.a.c.c.C.[Tomcat].[localhost].[/]       : Initializing Spring embedded WebApplicationContext
2025-10-31T09:02:45.388+09:00  INFO 9332 --- [ex25-branch] [restartedMain] w.s.c.ServletWebServerApplicationContext : Root WebApplicationContext: initialization completed in 139 ms
2025-10-31T09:02:45.427+09:00  INFO 9332 --- [ex25-branch] [restartedMain] o.s.b.a.w.s.WelcomePageHandlerMapping    : Adding welcome page: class path resource [static/index.html]
2025-10-31T09:02:46.281+09:00  INFO 11072 --- [ex25-branch] [restartedMain] c.kmh.ex25_branch.Ex25BranchApplication  : Starting Ex25BranchApplication using Java 21.0.8 with PID 11072 (D:\00.과제링크\day10_1027\ex25-branch\bin\main started by YONSAI in D:\00.과제링크\day10_1027\ex25-branch)
2025-10-31T09:02:46.283+09:00  INFO 11072 --- [ex25-branch] [restartedMain] c.kmh.ex25_branch.Ex25BranchApplication  : No active profile set, falling back to 1 default profile: "default"
2025-10-31T09:02:46.307+09:00  INFO 11072 --- [ex25-branch] [restartedMain] .e.DevToolsPropertyDefaultsPostProcessor : Devtools property defaults active! Set 'spring.devtools.add-properties' to 'false' to disable
2025-10-31T09:02:46.307+09:00  INFO 11072 --- [ex25-branch] [restartedMain] .e.DevToolsPropertyDefaultsPostProcessor : For additional web related logging consider setting the 'logging.level.web' property to 'DEBUG'
2025-10-31T09:02:46.852+09:00  INFO 11072 --- [ex25-branch] [restartedMain] o.s.b.w.embedded.tomcat.TomcatWebServer  : Tomcat initialized with port 8080 (http)
2025-10-31T09:02:46.861+09:00  INFO 11072 --- [ex25-branch] [restartedMain] o.apache.catalina.core.StandardService   : Starting service [Tomcat]
2025-10-31T09:02:46.861+09:00  INFO 11072 --- [ex25-branch] [restartedMain] o.apache.catalina.core.StandardEngine    : Starting Servlet engine: [Apache Tomcat/10.1.48]
2025-10-31T09:02:46.890+09:00  INFO 11072 --- [ex25-branch] [restartedMain] o.a.c.c.C.[Tomcat].[localhost].[/]       : Initializing Spring embedded WebApplicationContext
2025-10-31T09:02:46.890+09:00  INFO 11072 --- [ex25-branch] [restartedMain] w.s.c.ServletWebServerApplicationContext : Root WebApplicationContext: initialization completed in 583 ms
2025-10-31T09:02:47.125+09:00  INFO 11072 --- [ex25-branch] [restartedMain] o.s.b.a.w.s.WelcomePageHandlerMapping    : Adding welcome page: class path resource [static/index.html]
2025-10-31T09:02:47.304+09:00  INFO 11072 --- [ex25-branch] [restartedMain] o.s.b.d.a.OptionalLiveReloadServer       : LiveReload server is running on port 35729
2025-10-31T09:02:47.329+09:00  INFO 11072 --- [ex25-branch] [restartedMain] o.s.b.w.embedded.tomcat.TomcatWebServer  : Tomcat started on port 8080 (http) with context path '/'
2025-10-31T09:02:47.334+09:00  INFO 11072 --- [ex25-branch] [restartedMain] c.kmh.ex25_branch.Ex25BranchApplication  : Started Ex25BranchApplication in 1.298 seconds (process running for 1.702)
2025-10-31T09:02:47.389+09:00  INFO 11072 --- [ex25-branch] [http-nio-8080-exec-1] o.a.c.c.C.[Tomcat].[localhost].[/]       : Initializing Spring DispatcherServlet 'dispatcherServlet'
2025-10-31T09:02:47.389+09:00  INFO 11072 --- [ex25-branch] [http-nio-8080-exec-1] o.s.web.servlet.DispatcherServlet        : Initializing Servlet 'dispatcherServlet'
2025-10-31T09:02:47.390+09:00  INFO 11072 --- [ex25-branch] [http-nio-8080-exec-1] o.s.web.servlet.DispatcherServlet        : Completed initialization in 1 ms
2025-10-31T09:02:50.428+09:00  INFO 11072 --- [ex25-branch] [http-nio-8080-exec-4] com.zaxxer.hikari.HikariDataSource       : HikariPool-1 - Starting...
2025-10-31T09:02:50.511+09:00  INFO 11072 --- [ex25-branch] [http-nio-8080-exec-4] com.zaxxer.hikari.pool.HikariPool        : HikariPool-1 - Added connection org.mariadb.jdbc.Connection@6596f211
2025-10-31T09:02:50.512+09:00  INFO 11072 --- [ex25-branch] [http-nio-8080-exec-4] com.zaxxer.hikari.HikariDataSource       : HikariPool-1 - Start completed.
2025-10-31T09:02:50.532+09:00 DEBUG 11072 --- [ex25-branch] [http-nio-8080-exec-4] c.k.e.mapper.StudentMapper.findAll       : ==>  Preparing: SELECT * FROM student ORDER BY id DESC
2025-10-31T09:02:50.543+09:00 DEBUG 11072 --- [ex25-branch] [http-nio-8080-exec-4] c.k.e.mapper.StudentMapper.findAll       : ==> Parameters: 
2025-10-31T09:02:50.583+09:00 DEBUG 11072 --- [ex25-branch] [http-nio-8080-exec-4] c.k.e.mapper.StudentMapper.findAll       : <==      Total: 10
2025-10-31T09:03:21.068+09:00  INFO 11176 --- [ex25-branch] [main] c.k.e.service.StudentServiceTest         : Starting StudentServiceTest using Java 21.0.8 with PID 11176 (started by YONSAI in D:\00.과제링크\day10_1027\ex25-branch)
2025-10-31T09:03:21.069+09:00 DEBUG 11176 --- [ex25-branch] [main] c.k.e.service.StudentServiceTest         : Running with Spring Boot v3.5.7, Spring v6.2.12
2025-10-31T09:03:21.069+09:00  INFO 11176 --- [ex25-branch] [main] c.k.e.service.StudentServiceTest         : No active profile set, falling back to 1 default profile: "default"
2025-10-31T09:03:21.548+09:00  INFO 11176 --- [ex25-branch] [main] c.k.e.service.StudentServiceTest         : Started StudentServiceTest in 0.758 seconds (process running for 1.624)
2025-10-31T09:03:21.568+09:00  INFO 11176 --- [ex25-branch] [main] com.zaxxer.hikari.HikariDataSource       : HikariPool-1 - Starting...
2025-10-31T09:03:21.656+09:00  INFO 11176 --- [ex25-branch] [main] com.zaxxer.hikari.pool.HikariPool        : HikariPool-1 - Added connection org.mariadb.jdbc.Connection@7d97e06c
2025-10-31T09:03:21.658+09:00  INFO 11176 --- [ex25-branch] [main] com.zaxxer.hikari.HikariDataSource       : HikariPool-1 - Start completed.
2025-10-31T09:03:22.185+09:00 DEBUG 11176 --- [ex25-branch] [main] c.k.e.mapper.StudentMapperTest.insert    : ==>  Preparing: INSERT INTO student(NAME, email, age) VALUES (?, ?, ?)
2025-10-31T09:03:22.200+09:00 DEBUG 11176 --- [ex25-branch] [main] c.k.e.mapper.StudentMapperTest.insert    : ==> Parameters: 홍길동3(String), hong3@test.com(String), 23(Integer)
2025-10-31T09:03:22.202+09:00 DEBUG 11176 --- [ex25-branch] [main] c.k.e.mapper.StudentMapperTest.insert    : <==    Updates: 1
2025-10-31T09:03:22.205+09:00 DEBUG 11176 --- [ex25-branch] [main] c.k.e.mapper.StudentMapperTest.insert    : ==>  Preparing: INSERT INTO student(NAME, email, age) VALUES (?, ?, ?)
2025-10-31T09:03:22.205+09:00 DEBUG 11176 --- [ex25-branch] [main] c.k.e.mapper.StudentMapperTest.insert    : ==> Parameters: 홍길동4(String), hong4@test.com(String), 24(Integer)
2025-10-31T09:03:22.206+09:00 DEBUG 11176 --- [ex25-branch] [main] c.k.e.mapper.StudentMapperTest.insert    : <==    Updates: 1
2025-10-31T09:03:22.207+09:00 DEBUG 11176 --- [ex25-branch] [main] c.k.e.mapper.StudentMapperTest.findAll   : ==>  Preparing: SELECT * FROM student ORDER BY ? DESC
2025-10-31T09:03:22.208+09:00 DEBUG 11176 --- [ex25-branch] [main] c.k.e.mapper.StudentMapperTest.findAll   : ==> Parameters: null
2025-10-31T09:03:22.221+09:00 DEBUG 11176 --- [ex25-branch] [main] c.k.e.mapper.StudentMapperTest.findAll   : <==      Total: 12
2025-10-31T09:03:22.246+09:00  INFO 11176 --- [ex25-branch] [main] t.c.s.AnnotationConfigContextLoaderUtils : Could not detect default configuration classes for test class [com.kmh.ex25_branch.Ex25BranchApplicationTests]: Ex25BranchApplicationTests does not declare any static, non-private, non-final, nested classes annotated with @Configuration.
2025-10-31T09:03:22.252+09:00  INFO 11176 --- [ex25-branch] [main] .b.t.c.SpringBootTestContextBootstrapper : Found @SpringBootConfiguration com.kmh.ex25_branch.Ex25BranchApplication for test class com.kmh.ex25_branch.Ex25BranchApplicationTests
2025-10-31T09:03:22.259+09:00  INFO 11176 --- [ex25-branch] [main] o.s.b.d.r.RestartApplicationListener     : Restart disabled due to context in which it is running
2025-10-31T09:03:22.282+09:00  INFO 11176 --- [ex25-branch] [main] c.k.e.Ex25BranchApplicationTests         : Starting Ex25BranchApplicationTests using Java 21.0.8 with PID 11176 (started by YONSAI in D:\00.과제링크\day10_1027\ex25-branch)
2025-10-31T09:03:22.283+09:00  INFO 11176 --- [ex25-branch] [main] c.k.e.Ex25BranchApplicationTests         : No active profile set, falling back to 1 default profile: "default"
2025-10-31T09:03:22.688+09:00  INFO 11176 --- [ex25-branch] [main] o.s.b.a.w.s.WelcomePageHandlerMapping    : Adding welcome page: class path resource [static/index.html]
2025-10-31T09:03:22.874+09:00  INFO 11176 --- [ex25-branch] [main] c.k.e.Ex25BranchApplicationTests         : Started Ex25BranchApplicationTests in 0.615 seconds (process running for 2.95)
2025-10-31T09:03:22.888+09:00  INFO 11176 --- [ex25-branch] [SpringApplicationShutdownHook] com.zaxxer.hikari.HikariDataSource       : HikariPool-1 - Shutdown initiated...
2025-10-31T09:03:22.890+09:00  INFO 11176 --- [ex25-branch] [SpringApplicationShutdownHook] com.zaxxer.hikari.HikariDataSource       : HikariPool-1 - Shutdown completed.
2025-10-31T09:03:54.945+09:00  INFO 8088 --- [ex25-branch] [main] c.k.e.service.StudentServiceTest         : Starting StudentServiceTest using Java 21.0.8 with PID 8088 (started by YONSAI in D:\00.과제링크\day10_1027\ex25-branch)
2025-10-31T09:03:54.946+09:00 DEBUG 8088 --- [ex25-branch] [main] c.k.e.service.StudentServiceTest         : Running with Spring Boot v3.5.7, Spring v6.2.12
2025-10-31T09:03:54.946+09:00  INFO 8088 --- [ex25-branch] [main] c.k.e.service.StudentServiceTest         : No active profile set, falling back to 1 default profile: "default"
2025-10-31T09:03:55.422+09:00  INFO 8088 --- [ex25-branch] [main] c.k.e.service.StudentServiceTest         : Started StudentServiceTest in 0.75 seconds (process running for 1.426)
2025-10-31T09:03:55.437+09:00  INFO 8088 --- [ex25-branch] [main] com.zaxxer.hikari.HikariDataSource       : HikariPool-1 - Starting...
2025-10-31T09:03:55.517+09:00  INFO 8088 --- [ex25-branch] [main] com.zaxxer.hikari.pool.HikariPool        : HikariPool-1 - Added connection org.mariadb.jdbc.Connection@5e99b9c
2025-10-31T09:03:55.518+09:00  INFO 8088 --- [ex25-branch] [main] com.zaxxer.hikari.HikariDataSource       : HikariPool-1 - Start completed.
2025-10-31T09:03:55.966+09:00 DEBUG 8088 --- [ex25-branch] [main] c.k.e.mapper.StudentMapperTest.insert    : ==>  Preparing: INSERT INTO student(NAME, email, age) VALUES (?, ?, ?)
2025-10-31T09:03:55.982+09:00 DEBUG 8088 --- [ex25-branch] [main] c.k.e.mapper.StudentMapperTest.insert    : ==> Parameters: 홍길동3(String), hong3@test.com(String), 23(Integer)
2025-10-31T09:03:55.982+09:00 DEBUG 8088 --- [ex25-branch] [main] c.k.e.mapper.StudentMapperTest.insert    : <==    Updates: 1
2025-10-31T09:03:55.986+09:00 DEBUG 8088 --- [ex25-branch] [main] c.k.e.mapper.StudentMapperTest.insert    : ==>  Preparing: INSERT INTO student(NAME, email, age) VALUES (?, ?, ?)
2025-10-31T09:03:55.986+09:00 DEBUG 8088 --- [ex25-branch] [main] c.k.e.mapper.StudentMapperTest.insert    : ==> Parameters: 홍길동4(String), hong4@test.com(String), 24(Integer)
2025-10-31T09:03:55.987+09:00 DEBUG 8088 --- [ex25-branch] [main] c.k.e.mapper.StudentMapperTest.insert    : <==    Updates: 1
2025-10-31T09:03:55.988+09:00 DEBUG 8088 --- [ex25-branch] [main] c.k.e.mapper.StudentMapperTest.findAll   : ==>  Preparing: SELECT * FROM student ORDER BY ? DESC
2025-10-31T09:03:55.989+09:00 DEBUG 8088 --- [ex25-branch] [main] c.k.e.mapper.StudentMapperTest.findAll   : ==> Parameters: null
2025-10-31T09:03:56.002+09:00 DEBUG 8088 --- [ex25-branch] [main] c.k.e.mapper.StudentMapperTest.findAll   : <==      Total: 12
2025-10-31T09:03:56.028+09:00  INFO 8088 --- [ex25-branch] [main] t.c.s.AnnotationConfigContextLoaderUtils : Could not detect default configuration classes for test class [com.kmh.ex25_branch.Ex25BranchApplicationTests]: Ex25BranchApplicationTests does not declare any static, non-private, non-final, nested classes annotated with @Configuration.
2025-10-31T09:03:56.033+09:00  INFO 8088 --- [ex25-branch] [main] .b.t.c.SpringBootTestContextBootstrapper : Found @SpringBootConfiguration com.kmh.ex25_branch.Ex25BranchApplication for test class com.kmh.ex25_branch.Ex25BranchApplicationTests
2025-10-31T09:03:56.040+09:00  INFO 8088 --- [ex25-branch] [main] o.s.b.d.r.RestartApplicationListener     : Restart disabled due to context in which it is running
2025-10-31T09:03:56.060+09:00  INFO 8088 --- [ex25-branch] [main] c.k.e.Ex25BranchApplicationTests         : Starting Ex25BranchApplicationTests using Java 21.0.8 with PID 8088 (started by YONSAI in D:\00.과제링크\day10_1027\ex25-branch)
2025-10-31T09:03:56.060+09:00  INFO 8088 --- [ex25-branch] [main] c.k.e.Ex25BranchApplicationTests         : No active profile set, falling back to 1 default profile: "default"
2025-10-31T09:03:56.473+09:00  INFO 8088 --- [ex25-branch] [main] o.s.b.a.w.s.WelcomePageHandlerMapping    : Adding welcome page: class path resource [static/index.html]
2025-10-31T09:03:56.657+09:00  INFO 8088 --- [ex25-branch] [main] c.k.e.Ex25BranchApplicationTests         : Started Ex25BranchApplicationTests in 0.617 seconds (process running for 2.661)
2025-10-31T09:03:56.672+09:00  INFO 8088 --- [ex25-branch] [SpringApplicationShutdownHook] com.zaxxer.hikari.HikariDataSource       : HikariPool-1 - Shutdown initiated...
2025-10-31T09:03:56.674+09:00  INFO 8088 --- [ex25-branch] [SpringApplicationShutdownHook] com.zaxxer.hikari.HikariDataSource       : HikariPool-1 - Shutdown completed.
